<?xml version="1.0" encoding="UTF-8"?>
<!-- Generated by org.testng.reporters.JUnitXMLReporter -->
<testsuite ignored="10" hostname="DESKTOP-0QNFGHB" failures="0" tests="15" name="All Test Cases" time="94.486" errors="0" timestamp="2025-09-08T23:10:04 IST">
  <testcase classname="tests.ExistingEmail" name="registerUserWithExistingEmail" time="12.261"/>
  <testcase classname="tests.AddReviewOnProduct" name="addReviewOnProduct" time="17.075"/>
  <testcase classname="tests.SearchProduct" name="searchProduct" time="23.162"/>
  <testcase classname="tests.Logout" name="logoutUser" time="28.484"/>
  <testcase classname="tests.ProductsPageTest" name="verifyAllProductsAndProductDetailPage" time="20.67"/>
  <testcase classname="tests.ContactUsForm" name="contactUsFormTest" time="43.578"/>
  <testcase classname="tests.SubscriptionCartPage" name="verifySubscriptionInCartPage" time="7.492"/>
  <testcase classname="tests.PaymentPageTest" name="verifyPaymentAndConfirmOrder" time="16.25"/>
  <testcase classname="tests.HomePageTest" name="verifyHomePageIsVisible" time="1.736"/>
  <testcase classname="tests.LoginTest" name="testValidLogin" time="10.724"/>
  <testcase classname="tests.RegisterUserTest" name="testRegisterUser" time="45.679"/>
  <testcase classname="tests.AddProductCart" name="verifyViewProduct" time="21.422"/>
  <testcase classname="tests.LoginTest" name="testInvalidLogin" time="2.04"/>
  <testcase classname="tests.HomePageTest" name="verifyNavigationToLoginPage" time="1.455"/>
  <testcase classname="tests.HomePageTest" name="verifyNavigationToProductsPage" time="9.897"/>
  <testcase classname="tests.BaseTest" name="@AfterSuite teardownSuite" time="0.0">
    <ignored/>
  </testcase> <!-- @AfterSuite teardownSuite -->
  <testcase classname="tests.BaseTest" name="@AfterSuite teardownSuite" time="0.0">
    <ignored/>
  </testcase> <!-- @AfterSuite teardownSuite -->
  <testcase classname="tests.BaseTest" name="@AfterSuite teardownSuite" time="0.0">
    <ignored/>
  </testcase> <!-- @AfterSuite teardownSuite -->
  <testcase classname="tests.BaseTest" name="@AfterSuite teardownSuite" time="0.0">
    <ignored/>
  </testcase> <!-- @AfterSuite teardownSuite -->
  <testcase classname="tests.BaseTest" name="@AfterSuite teardownSuite" time="0.0">
    <ignored/>
  </testcase> <!-- @AfterSuite teardownSuite -->
  <testcase classname="tests.BaseTest" name="@AfterSuite teardownSuite" time="0.0">
    <ignored/>
  </testcase> <!-- @AfterSuite teardownSuite -->
  <testcase classname="tests.BaseTest" name="@AfterSuite teardownSuite" time="0.0">
    <ignored/>
  </testcase> <!-- @AfterSuite teardownSuite -->
  <testcase classname="tests.BaseTest" name="@AfterSuite teardownSuite" time="0.0">
    <ignored/>
  </testcase> <!-- @AfterSuite teardownSuite -->
  <testcase classname="tests.BaseTest" name="@AfterSuite teardownSuite" time="0.0">
    <ignored/>
  </testcase> <!-- @AfterSuite teardownSuite -->
  <testcase classname="tests.BaseTest" name="@AfterSuite teardownSuite" time="0.0">
    <ignored/>
  </testcase> <!-- @AfterSuite teardownSuite -->
</testsuite> <!-- All Test Cases -->
