<?xml version="1.0" encoding="UTF-8"?>
<!-- Generated by org.testng.reporters.JUnitXMLReporter -->
<testsuite ignored="4" hostname="DESKTOP-0QNFGHB" failures="0" tests="8" name="Surefire test" time="86.028" errors="0" timestamp="2025-09-08T22:24:47 IST">
  <testcase classname="tests.HomePageTest" name="verifyHomePageIsVisible" time="0.018"/>
  <testcase classname="tests.HomePageTest" name="verifyNavigationToLoginPage" time="0.78"/>
  <testcase classname="tests.HomePageTest" name="verifyNavigationToProductsPage" time="2.777"/>
  <testcase classname="tests.LoginTest" name="testValidLogin" time="3.358"/>
  <testcase classname="tests.LoginTest" name="testInvalidLogin" time="2.833"/>
  <testcase classname="tests.PaymentPageTest" name="verifyPaymentAndConfirmOrder" time="4.593"/>
  <testcase classname="tests.ProductsPageTest" name="verifyAllProductsAndProductDetailPage" time="23.576"/>
  <testcase classname="tests.RegisterUserTest" name="testRegisterUser" time="9.933"/>
  <testcase classname="tests.BasicTest" name="@AfterSuite teardownSuite" time="0.0">
    <ignored/>
  </testcase> <!-- @AfterSuite teardownSuite -->
  <testcase classname="tests.BasicTest" name="@AfterSuite teardownSuite" time="0.0">
    <ignored/>
  </testcase> <!-- @AfterSuite teardownSuite -->
  <testcase classname="tests.BasicTest" name="@AfterSuite teardownSuite" time="0.0">
    <ignored/>
  </testcase> <!-- @AfterSuite teardownSuite -->
  <testcase classname="tests.BasicTest" name="@AfterSuite teardownSuite" time="0.0">
    <ignored/>
  </testcase> <!-- @AfterSuite teardownSuite -->
</testsuite> <!-- Surefire test -->
