<?xml version="1.0" encoding="UTF-8"?>
<!-- Generated by org.testng.reporters.JUnitXMLReporter -->
<testsuite ignored="4" hostname="DESKTOP-0QNFGHB" failures="0" tests="8" name="Surefire test" time="59.569" errors="0" timestamp="2025-09-08T22:34:19 IST">
  <testcase classname="tests.HomePageTest" name="verifyHomePageIsVisible" time="0.017"/>
  <testcase classname="tests.HomePageTest" name="verifyNavigationToLoginPage" time="0.664"/>
  <testcase classname="tests.HomePageTest" name="verifyNavigationToProductsPage" time="3.922"/>
  <testcase classname="tests.LoginTest" name="testValidLogin" time="3.733"/>
  <testcase classname="tests.LoginTest" name="testInvalidLogin" time="4.517"/>
  <testcase classname="tests.PaymentPageTest" name="verifyPaymentAndConfirmOrder" time="5.543"/>
  <testcase classname="tests.ProductsPageTest" name="verifyAllProductsAndProductDetailPage" time="6.521"/>
  <testcase classname="tests.RegisterUserTest" name="testRegisterUser" time="10.733"/>
  <testcase classname="tests.BasicTest" name="@AfterSuite teardownSuite" time="0.0">
    <ignored/>
  </testcase> <!-- @AfterSuite teardownSuite -->
  <testcase classname="tests.BasicTest" name="@AfterSuite teardownSuite" time="0.0">
    <ignored/>
  </testcase> <!-- @AfterSuite teardownSuite -->
  <testcase classname="tests.BasicTest" name="@AfterSuite teardownSuite" time="0.0">
    <ignored/>
  </testcase> <!-- @AfterSuite teardownSuite -->
  <testcase classname="tests.BasicTest" name="@AfterSuite teardownSuite" time="0.0">
    <ignored/>
  </testcase> <!-- @AfterSuite teardownSuite -->
</testsuite> <!-- Surefire test -->
