<?xml version="1.0" encoding="UTF-8"?>
<testng-results ignored="0" total="8" passed="8" failed="0" skipped="0">
  <reporter-output>
  </reporter-output>
  <suite started-at="2025-09-08T22:19:21 IST" name="Surefire suite" finished-at="2025-09-08T22:20:15 IST" duration-ms="53314">
    <groups>
    </groups>
    <test started-at="2025-09-08T22:19:21 IST" name="Surefire test" finished-at="2025-09-08T22:20:15 IST" duration-ms="53314">
      <class name="tests.LoginTest">
        <test-method is-config="true" signature="setup()[pri:0, instance:tests.LoginTest@5af3afd9]" started-at="2025-09-08T22:19:40 IST" name="setup" finished-at="2025-09-08T22:19:40 IST" duration-ms="733" status="PASS">
          <reporter-output>
          </reporter-output>
        </test-method> <!-- setup -->
        <test-method is-config="true" signature="setupLogin()[pri:0, instance:tests.LoginTest@5af3afd9]" started-at="2025-09-08T22:19:40 IST" name="setupLogin" finished-at="2025-09-08T22:19:42 IST" duration-ms="1700" status="PASS">
          <reporter-output>
          </reporter-output>
        </test-method> <!-- setupLogin -->
        <test-method signature="testValidLogin()[pri:1, instance:tests.LoginTest@5af3afd9]" started-at="2025-09-08T22:19:42 IST" name="testValidLogin" finished-at="2025-09-08T22:19:45 IST" duration-ms="3042" status="PASS">
          <reporter-output>
          </reporter-output>
        </test-method> <!-- testValidLogin -->
        <test-method is-config="true" signature="setup()[pri:0, instance:tests.LoginTest@5af3afd9]" started-at="2025-09-08T22:19:45 IST" name="setup" finished-at="2025-09-08T22:19:46 IST" duration-ms="771" status="PASS">
          <reporter-output>
          </reporter-output>
        </test-method> <!-- setup -->
        <test-method is-config="true" signature="setupLogin()[pri:0, instance:tests.LoginTest@5af3afd9]" started-at="2025-09-08T22:19:46 IST" name="setupLogin" finished-at="2025-09-08T22:19:48 IST" duration-ms="1669" status="PASS">
          <reporter-output>
          </reporter-output>
        </test-method> <!-- setupLogin -->
        <test-method signature="testInvalidLogin()[pri:2, instance:tests.LoginTest@5af3afd9]" started-at="2025-09-08T22:19:48 IST" name="testInvalidLogin" finished-at="2025-09-08T22:19:49 IST" duration-ms="1107" status="PASS">
          <reporter-output>
          </reporter-output>
        </test-method> <!-- testInvalidLogin -->
      </class> <!-- tests.LoginTest -->
      <class name="tests.BasicTest">
        <test-method is-config="true" signature="teardownSuite()[pri:0, instance:tests.BasicTest@14dd9eb7]" started-at="2025-09-08T22:20:15 IST" name="teardownSuite" finished-at="2025-09-08T22:20:15 IST" duration-ms="0" status="PASS">
          <reporter-output>
          </reporter-output>
        </test-method> <!-- teardownSuite -->
      </class> <!-- tests.BasicTest -->
      <class name="tests.ProductsPageTest">
        <test-method is-config="true" signature="setup()[pri:0, instance:tests.ProductsPageTest@37afeb11]" started-at="2025-09-08T22:19:54 IST" name="setup" finished-at="2025-09-08T22:19:55 IST" duration-ms="899" status="PASS">
          <reporter-output>
          </reporter-output>
        </test-method> <!-- setup -->
        <test-method signature="verifyAllProductsAndProductDetailPage()[pri:0, instance:tests.ProductsPageTest@37afeb11]" started-at="2025-09-08T22:19:55 IST" name="verifyAllProductsAndProductDetailPage" description="Test Case 8: Verify All Products and Product Detail Page" finished-at="2025-09-08T22:19:59 IST" duration-ms="4647" status="PASS">
          <reporter-output>
          </reporter-output>
        </test-method> <!-- verifyAllProductsAndProductDetailPage -->
      </class> <!-- tests.ProductsPageTest -->
      <class name="tests.HomePageTest">
        <test-method is-config="true" signature="setup()[pri:0, instance:tests.HomePageTest@661972b0]" started-at="2025-09-08T22:19:21 IST" name="setup" finished-at="2025-09-08T22:19:26 IST" duration-ms="4923" status="PASS">
          <reporter-output>
          </reporter-output>
        </test-method> <!-- setup -->
        <test-method signature="verifyHomePageIsVisible()[pri:1, instance:tests.HomePageTest@661972b0]" started-at="2025-09-08T22:19:26 IST" name="verifyHomePageIsVisible" finished-at="2025-09-08T22:19:26 IST" duration-ms="19" status="PASS">
          <reporter-output>
          </reporter-output>
        </test-method> <!-- verifyHomePageIsVisible -->
        <test-method is-config="true" signature="tearDown()[pri:0, instance:tests.HomePageTest@661972b0]" started-at="2025-09-08T22:19:26 IST" name="tearDown" finished-at="2025-09-08T22:19:26 IST" duration-ms="115" status="PASS">
          <reporter-output>
          </reporter-output>
        </test-method> <!-- tearDown -->
        <test-method is-config="true" signature="setup()[pri:0, instance:tests.HomePageTest@661972b0]" started-at="2025-09-08T22:19:26 IST" name="setup" finished-at="2025-09-08T22:19:31 IST" duration-ms="4533" status="PASS">
          <reporter-output>
          </reporter-output>
        </test-method> <!-- setup -->
        <test-method signature="verifyNavigationToLoginPage()[pri:2, instance:tests.HomePageTest@661972b0]" started-at="2025-09-08T22:19:31 IST" name="verifyNavigationToLoginPage" finished-at="2025-09-08T22:19:32 IST" duration-ms="1345" status="PASS">
          <reporter-output>
          </reporter-output>
        </test-method> <!-- verifyNavigationToLoginPage -->
        <test-method is-config="true" signature="tearDown()[pri:0, instance:tests.HomePageTest@661972b0]" started-at="2025-09-08T22:19:32 IST" name="tearDown" finished-at="2025-09-08T22:19:33 IST" duration-ms="116" status="PASS">
          <reporter-output>
          </reporter-output>
        </test-method> <!-- tearDown -->
        <test-method is-config="true" signature="setup()[pri:0, instance:tests.HomePageTest@661972b0]" started-at="2025-09-08T22:19:33 IST" name="setup" finished-at="2025-09-08T22:19:38 IST" duration-ms="5158" status="PASS">
          <reporter-output>
          </reporter-output>
        </test-method> <!-- setup -->
        <test-method signature="verifyNavigationToProductsPage()[pri:3, instance:tests.HomePageTest@661972b0]" started-at="2025-09-08T22:19:38 IST" name="verifyNavigationToProductsPage" finished-at="2025-09-08T22:19:40 IST" duration-ms="1841" status="PASS">
          <reporter-output>
          </reporter-output>
        </test-method> <!-- verifyNavigationToProductsPage -->
        <test-method is-config="true" signature="tearDown()[pri:0, instance:tests.HomePageTest@661972b0]" started-at="2025-09-08T22:19:40 IST" name="tearDown" finished-at="2025-09-08T22:19:40 IST" duration-ms="110" status="PASS">
          <reporter-output>
          </reporter-output>
        </test-method> <!-- tearDown -->
      </class> <!-- tests.HomePageTest -->
      <class name="tests.PaymentPageTest">
        <test-method is-config="true" signature="setup()[pri:0, instance:tests.PaymentPageTest@52bf72b5]" started-at="2025-09-08T22:19:49 IST" name="setup" finished-at="2025-09-08T22:19:50 IST" duration-ms="799" status="PASS">
          <reporter-output>
          </reporter-output>
        </test-method> <!-- setup -->
        <test-method signature="verifyPaymentAndConfirmOrder()[pri:0, instance:tests.PaymentPageTest@52bf72b5]" started-at="2025-09-08T22:19:50 IST" name="verifyPaymentAndConfirmOrder" finished-at="2025-09-08T22:19:54 IST" duration-ms="3923" status="PASS">
          <reporter-output>
          </reporter-output>
        </test-method> <!-- verifyPaymentAndConfirmOrder -->
      </class> <!-- tests.PaymentPageTest -->
      <class name="tests.RegisterUserTest">
        <test-method is-config="true" signature="setup()[pri:0, instance:tests.RegisterUserTest@515aebb0]" started-at="2025-09-08T22:19:59 IST" name="setup" finished-at="2025-09-08T22:20:00 IST" duration-ms="975" status="PASS">
          <reporter-output>
          </reporter-output>
        </test-method> <!-- setup -->
        <test-method is-config="true" signature="setupTest()[pri:0, instance:tests.RegisterUserTest@515aebb0]" started-at="2025-09-08T22:20:00 IST" name="setupTest" finished-at="2025-09-08T22:20:05 IST" duration-ms="4337" status="PASS">
          <reporter-output>
          </reporter-output>
        </test-method> <!-- setupTest -->
        <test-method signature="testRegisterUser()[pri:0, instance:tests.RegisterUserTest@515aebb0]" started-at="2025-09-08T22:20:05 IST" name="testRegisterUser" finished-at="2025-09-08T22:20:14 IST" duration-ms="9694" status="PASS">
          <reporter-output>
          </reporter-output>
        </test-method> <!-- testRegisterUser -->
        <test-method is-config="true" signature="tearDownTest()[pri:0, instance:tests.RegisterUserTest@515aebb0]" started-at="2025-09-08T22:20:14 IST" name="tearDownTest" finished-at="2025-09-08T22:20:15 IST" duration-ms="127" status="PASS">
          <reporter-output>
          </reporter-output>
        </test-method> <!-- tearDownTest -->
      </class> <!-- tests.RegisterUserTest -->
    </test> <!-- Surefire test -->
  </suite> <!-- Surefire suite -->
</testng-results>
