<?xml version="1.0" encoding="UTF-8"?>
<testsuite xmlns:xsi="http://www.w3.org/2001/XMLSchema-instance" xsi:noNamespaceSchemaLocation="https://maven.apache.org/surefire/maven-surefire-plugin/xsd/surefire-test-report-3.0.xsd" version="3.0" name="TestSuite" time="50.04" tests="8" errors="0" skipped="0" failures="0">
  <properties>
[...]
</properties>
  <testcase name="verifyHomePageIsVisible" classname="tests.HomePageTest" time="0.016">
    <system-err><![CDATA[Sep 08, 2025 10:00:19 PM org.openqa.selenium.devtools.CdpVersionFinder findNearestMatch
WARNING: Unable to find an exact match for CDP version 140, returning the closest version; found: 138; Please update to a Selenium version that supports CDP version 140
]]></system-err>
  </testcase>
  <testcase name="verifyNavigationToLoginPage" classname="tests.HomePageTest" time="0.732">
    <system-out><![CDATA[✅ Screenshot saved at: C:\ProgramData\Jenkins\.jenkins\workspace\Automation Exercise/src/test/resources/screenshots/verifyHomePageIsVisible_20250908_220022.png
]]></system-out>
    <system-err><![CDATA[Sep 08, 2025 10:00:23 PM org.openqa.selenium.devtools.CdpVersionFinder findNearestMatch
WARNING: Unable to find an exact match for CDP version 140, returning the closest version; found: 138; Please update to a Selenium version that supports CDP version 140
]]></system-err>
  </testcase>
  <testcase name="verifyNavigationToProductsPage" classname="tests.HomePageTest" time="1.929">
    <system-out><![CDATA[✅ Screenshot saved at: C:\ProgramData\Jenkins\.jenkins\workspace\Automation Exercise/src/test/resources/screenshots/verifyNavigationToLoginPage_20250908_220025.png
]]></system-out>
    <system-err><![CDATA[Sep 08, 2025 10:00:26 PM org.openqa.selenium.devtools.CdpVersionFinder findNearestMatch
WARNING: Unable to find an exact match for CDP version 140, returning the closest version; found: 138; Please update to a Selenium version that supports CDP version 140
]]></system-err>
  </testcase>
  <testcase name="testValidLogin" classname="tests.LoginTest" time="2.294">
    <system-out><![CDATA[✅ Screenshot saved at: C:\ProgramData\Jenkins\.jenkins\workspace\Automation Exercise/src/test/resources/screenshots/verifyNavigationToProductsPage_20250908_220031.png
]]></system-out>
    <system-err><![CDATA[Sep 08, 2025 10:00:32 PM org.openqa.selenium.devtools.CdpVersionFinder findNearestMatch
WARNING: Unable to find an exact match for CDP version 140, returning the closest version; found: 138; Please update to a Selenium version that supports CDP version 140
]]></system-err>
  </testcase>
  <testcase name="testInvalidLogin" classname="tests.LoginTest" time="1.046">
    <system-out><![CDATA[✅ Screenshot saved at: C:\ProgramData\Jenkins\.jenkins\workspace\Automation Exercise/src/test/resources/screenshots/testValidLogin_20250908_220035.png
]]></system-out>
    <system-err><![CDATA[Sep 08, 2025 10:00:36 PM org.openqa.selenium.devtools.CdpVersionFinder findNearestMatch
WARNING: Unable to find an exact match for CDP version 140, returning the closest version; found: 138; Please update to a Selenium version that supports CDP version 140
]]></system-err>
  </testcase>
  <testcase name="verifyPaymentAndConfirmOrder" classname="tests.PaymentPageTest" time="4.406">
    <system-out><![CDATA[✅ Screenshot saved at: C:\ProgramData\Jenkins\.jenkins\workspace\Automation Exercise/src/test/resources/screenshots/testInvalidLogin_20250908_220038.png
 Ads removed successfully.
Page text: Home
 Products
Cart
Signup / Login
Test Cases
API Testing
Video Tutorials
Contact us
ORDER PLACED!
Congratulations! Your order has been confirmed!
Download Invoice
Continue
SUBSCRIPTION
Get the most recent updates from
our site and be updated your self...
Copyright © 2021 All rights reserved
 verifyPaymentAndConfirmOrder passed successfully.
]]></system-out>
    <system-err><![CDATA[Sep 08, 2025 10:00:39 PM org.openqa.selenium.devtools.CdpVersionFinder findNearestMatch
WARNING: Unable to find an exact match for CDP version 140, returning the closest version; found: 138; Please update to a Selenium version that supports CDP version 140
]]></system-err>
  </testcase>
  <testcase name="verifyAllProductsAndProductDetailPage" classname="tests.ProductsPageTest" time="9.222">
    <system-out><![CDATA[✅ Screenshot saved at: C:\ProgramData\Jenkins\.jenkins\workspace\Automation Exercise/src/test/resources/screenshots/verifyPaymentAndConfirmOrder_20250908_220043.png
]]></system-out>
    <system-err><![CDATA[Sep 08, 2025 10:00:44 PM org.openqa.selenium.devtools.CdpVersionFinder findNearestMatch
WARNING: Unable to find an exact match for CDP version 140, returning the closest version; found: 138; Please update to a Selenium version that supports CDP version 140
]]></system-err>
  </testcase>
  <testcase name="testRegisterUser" classname="tests.RegisterUserTest" time="9.207">
    <system-out><![CDATA[✅ Screenshot saved at: C:\ProgramData\Jenkins\.jenkins\workspace\Automation Exercise/src/test/resources/screenshots/verifyAllProductsAndProductDetailPage_20250908_220053.png
]]></system-out>
    <system-err><![CDATA[Sep 08, 2025 10:00:54 PM org.openqa.selenium.devtools.CdpVersionFinder findNearestMatch
WARNING: Unable to find an exact match for CDP version 140, returning the closest version; found: 138; Please update to a Selenium version that supports CDP version 140
]]></system-err>
  </testcase>
</testsuite>